MySQL connection error: Error: Access denied for user ''@'localhost' (using password: NO)
    at Packet.asError (/home/studenti/famnit/89201086/Documents/KPOP/kpop-backend/node_modules/mysql2/lib/packets/packet.js:740:17)
    at ClientHandshake.execute (/home/studenti/famnit/89201086/Documents/KPOP/kpop-backend/node_modules/mysql2/lib/commands/command.js:29:26)
    at Connection.handlePacket (/home/studenti/famnit/89201086/Documents/KPOP/kpop-backend/node_modules/mysql2/lib/base/connection.js:475:34)
    at PacketParser.onPacket (/home/studenti/famnit/89201086/Documents/KPOP/kpop-backend/node_modules/mysql2/lib/base/connection.js:93:12)
    at PacketParser.executeStart (/home/studenti/famnit/89201086/Documents/KPOP/kpop-backend/node_modules/mysql2/lib/packet_parser.js:75:16)
    at Socket.<anonymous> (/home/studenti/famnit/89201086/Documents/KPOP/kpop-backend/node_modules/mysql2/lib/base/connection.js:100:25)
    at Socket.emit (node:events:390:28)
    at addChunk (node:internal/streams/readable:315:12)
    at readableAddChunk (node:internal/streams/readable:289:9)
    at Socket.Readable.push (node:internal/streams/readable:228:10) {
  code: 'ER_ACCESS_DENIED_ERROR',
  errno: 1045,
  sqlState: '28000',
  sqlMessage: "Access denied for user ''@'localhost' (using password: NO)",
  sql: undefined
}
MySQL connection error: Error: Access denied for user ''@'localhost' (using password: NO)
    at Packet.asError (/home/studenti/famnit/89201086/Documents/KPOP/kpop-backend/node_modules/mysql2/lib/packets/packet.js:740:17)
    at ClientHandshake.execute (/home/studenti/famnit/89201086/Documents/KPOP/kpop-backend/node_modules/mysql2/lib/commands/command.js:29:26)
    at Connection.handlePacket (/home/studenti/famnit/89201086/Documents/KPOP/kpop-backend/node_modules/mysql2/lib/base/connection.js:475:34)
    at PacketParser.onPacket (/home/studenti/famnit/89201086/Documents/KPOP/kpop-backend/node_modules/mysql2/lib/base/connection.js:93:12)
    at PacketParser.executeStart (/home/studenti/famnit/89201086/Documents/KPOP/kpop-backend/node_modules/mysql2/lib/packet_parser.js:75:16)
    at Socket.<anonymous> (/home/studenti/famnit/89201086/Documents/KPOP/kpop-backend/node_modules/mysql2/lib/base/connection.js:100:25)
    at Socket.emit (node:events:390:28)
    at addChunk (node:internal/streams/readable:315:12)
    at readableAddChunk (node:internal/streams/readable:289:9)
    at Socket.Readable.push (node:internal/streams/readable:228:10) {
  code: 'ER_ACCESS_DENIED_ERROR',
  errno: 1045,
  sqlState: '28000',
  sqlMessage: "Access denied for user ''@'localhost' (using password: NO)",
  sql: undefined
}
MySQL connection error: Error: Access denied for user ''@'localhost' (using password: NO)
    at Packet.asError (/home/studenti/famnit/89201086/Documents/KPOP/kpop-backend/node_modules/mysql2/lib/packets/packet.js:740:17)
    at ClientHandshake.execute (/home/studenti/famnit/89201086/Documents/KPOP/kpop-backend/node_modules/mysql2/lib/commands/command.js:29:26)
    at Connection.handlePacket (/home/studenti/famnit/89201086/Documents/KPOP/kpop-backend/node_modules/mysql2/lib/base/connection.js:475:34)
    at PacketParser.onPacket (/home/studenti/famnit/89201086/Documents/KPOP/kpop-backend/node_modules/mysql2/lib/base/connection.js:93:12)
    at PacketParser.executeStart (/home/studenti/famnit/89201086/Documents/KPOP/kpop-backend/node_modules/mysql2/lib/packet_parser.js:75:16)
    at Socket.<anonymous> (/home/studenti/famnit/89201086/Documents/KPOP/kpop-backend/node_modules/mysql2/lib/base/connection.js:100:25)
    at Socket.emit (node:events:390:28)
    at addChunk (node:internal/streams/readable:315:12)
    at readableAddChunk (node:internal/streams/readable:289:9)
    at Socket.Readable.push (node:internal/streams/readable:228:10) {
  code: 'ER_ACCESS_DENIED_ERROR',
  errno: 1045,
  sqlState: '28000',
  sqlMessage: "Access denied for user ''@'localhost' (using password: NO)",
  sql: undefined
}
MySQL connection error: Error: write ECONNRESET
    at afterWriteDispatched (node:internal/stream_base_commons:164:15)
    at writeGeneric (node:internal/stream_base_commons:155:3)
    at Socket._writeGeneric (node:net:795:11)
    at Socket._write (node:net:807:8)
    at writeOrBuffer (node:internal/streams/writable:389:12)
    at _write (node:internal/streams/writable:330:10)
    at Socket.Writable.write (node:internal/streams/writable:334:10)
    at Connection.write (/home/studenti/famnit/89201086/Documents/KPOP/kpop-backend/node_modules/mysql2/lib/base/connection.js:256:32)
    at Connection.writePacket (/home/studenti/famnit/89201086/Documents/KPOP/kpop-backend/node_modules/mysql2/lib/base/connection.js:303:12)
    at ClientHandshake.sendCredentials (/home/studenti/famnit/89201086/Documents/KPOP/kpop-backend/node_modules/mysql2/lib/commands/client_handshake.js:83:16) {
  errno: -104,
  code: 'ECONNRESET',
  syscall: 'write',
  fatal: true
}
MySQL connection error: Error: Access denied for user ''@'localhost' (using password: NO)
    at Packet.asError (/home/studenti/famnit/89201086/Documents/KPOP/kpop-backend/node_modules/mysql2/lib/packets/packet.js:740:17)
    at ClientHandshake.execute (/home/studenti/famnit/89201086/Documents/KPOP/kpop-backend/node_modules/mysql2/lib/commands/command.js:29:26)
    at Connection.handlePacket (/home/studenti/famnit/89201086/Documents/KPOP/kpop-backend/node_modules/mysql2/lib/base/connection.js:475:34)
    at PacketParser.onPacket (/home/studenti/famnit/89201086/Documents/KPOP/kpop-backend/node_modules/mysql2/lib/base/connection.js:93:12)
    at PacketParser.executeStart (/home/studenti/famnit/89201086/Documents/KPOP/kpop-backend/node_modules/mysql2/lib/packet_parser.js:75:16)
    at Socket.<anonymous> (/home/studenti/famnit/89201086/Documents/KPOP/kpop-backend/node_modules/mysql2/lib/base/connection.js:100:25)
    at Socket.emit (node:events:390:28)
    at addChunk (node:internal/streams/readable:315:12)
    at readableAddChunk (node:internal/streams/readable:289:9)
    at Socket.Readable.push (node:internal/streams/readable:228:10) {
  code: 'ER_ACCESS_DENIED_ERROR',
  errno: 1045,
  sqlState: '28000',
  sqlMessage: "Access denied for user ''@'localhost' (using password: NO)",
  sql: undefined
}
MySQL connection error: Error: Access denied for user ''@'localhost' (using password: NO)
    at Packet.asError (/home/studenti/famnit/89201086/Documents/KPOP/kpop-backend/node_modules/mysql2/lib/packets/packet.js:740:17)
    at ClientHandshake.execute (/home/studenti/famnit/89201086/Documents/KPOP/kpop-backend/node_modules/mysql2/lib/commands/command.js:29:26)
    at Connection.handlePacket (/home/studenti/famnit/89201086/Documents/KPOP/kpop-backend/node_modules/mysql2/lib/base/connection.js:475:34)
    at PacketParser.onPacket (/home/studenti/famnit/89201086/Documents/KPOP/kpop-backend/node_modules/mysql2/lib/base/connection.js:93:12)
    at PacketParser.executeStart (/home/studenti/famnit/89201086/Documents/KPOP/kpop-backend/node_modules/mysql2/lib/packet_parser.js:75:16)
    at Socket.<anonymous> (/home/studenti/famnit/89201086/Documents/KPOP/kpop-backend/node_modules/mysql2/lib/base/connection.js:100:25)
    at Socket.emit (node:events:390:28)
    at addChunk (node:internal/streams/readable:315:12)
    at readableAddChunk (node:internal/streams/readable:289:9)
    at Socket.Readable.push (node:internal/streams/readable:228:10) {
  code: 'ER_ACCESS_DENIED_ERROR',
  errno: 1045,
  sqlState: '28000',
  sqlMessage: "Access denied for user ''@'localhost' (using password: NO)",
  sql: undefined
}
MySQL connection error: Error: Access denied for user ''@'localhost' (using password: NO)
    at Packet.asError (/home/studenti/famnit/89201086/Documents/KPOP/kpop-backend/node_modules/mysql2/lib/packets/packet.js:740:17)
    at ClientHandshake.execute (/home/studenti/famnit/89201086/Documents/KPOP/kpop-backend/node_modules/mysql2/lib/commands/command.js:29:26)
    at Connection.handlePacket (/home/studenti/famnit/89201086/Documents/KPOP/kpop-backend/node_modules/mysql2/lib/base/connection.js:475:34)
    at PacketParser.onPacket (/home/studenti/famnit/89201086/Documents/KPOP/kpop-backend/node_modules/mysql2/lib/base/connection.js:93:12)
    at PacketParser.executeStart (/home/studenti/famnit/89201086/Documents/KPOP/kpop-backend/node_modules/mysql2/lib/packet_parser.js:75:16)
    at Socket.<anonymous> (/home/studenti/famnit/89201086/Documents/KPOP/kpop-backend/node_modules/mysql2/lib/base/connection.js:100:25)
    at Socket.emit (node:events:390:28)
    at addChunk (node:internal/streams/readable:315:12)
    at readableAddChunk (node:internal/streams/readable:289:9)
    at Socket.Readable.push (node:internal/streams/readable:228:10) {
  code: 'ER_ACCESS_DENIED_ERROR',
  errno: 1045,
  sqlState: '28000',
  sqlMessage: "Access denied for user ''@'localhost' (using password: NO)",
  sql: undefined
}
