[dotenv@17.2.1] injecting env (0) from .env -- tip: 丘뙖잺  specify custom .env file path with { path: '/custom/path/.env' }
Server running on port 4200
[dotenv@17.2.1] injecting env (0) from .env -- tip: 丘뙖잺  suppress all logs with { quiet: true }
Server running on port 4200
[dotenv@17.2.1] injecting env (0) from .env -- tip: 丘뙖잺  load multiple .env files with { path: ['.env.local', '.env'] }
Server running on port 4200
[dotenv@17.2.1] injecting env (0) from .env -- tip: 丘뙖잺  specify custom .env file path with { path: '/custom/path/.env' }
Server running on port 4200
[dotenv@17.2.1] injecting env (0) from .env -- tip: 游니 auto-backup env with Radar: https://dotenvx.com/radar
[dotenv@17.2.1] injecting env (5) from .env -- tip: 丘뙖잺  specify custom .env file path with { path: '/custom/path/.env' }
Server running on port 4200
Server running on port 4200
Connected to MySQL
[dotenv@17.2.1] injecting env (0) from .env -- tip: 游니 observe env with Radar: https://dotenvx.com/radar
Server running on port 4200
[dotenv@17.2.1] injecting env (0) from .env -- tip: 丘뙖잺  enable debug logging with { debug: true }
Server running on port 4200
[dotenv@17.2.1] injecting env (5) from .env -- tip: 游니 observe env with Radar: https://dotenvx.com/radar
Server running on port 4200
Connected to MySQL
[dotenv@17.2.1] injecting env (5) from .env -- tip: 丘뙖잺  suppress all logs with { quiet: true }
Server running on port 4200
[dotenv@17.2.1] injecting env (5) from .env -- tip: 丘뙖잺  enable debug logging with { debug: true }
Server running on port 4200
Connected to MySQL
[dotenv@17.2.1] injecting env (5) from .env -- tip: 丘뙖잺  write to custom object with { processEnv: myObject }
Server running on port 4200
Connected to MySQL
[dotenv@17.2.1] injecting env (5) from .env -- tip: 丘뙖잺  suppress all logs with { quiet: true }
Server running on port 4200
Connected to MySQL
[dotenv@17.2.1] injecting env (5) from .env -- tip: 游댏 prevent building .env in docker: https://dotenvx.com/prebuild
Server running on port 4200
Connected to MySQL
[dotenv@17.2.1] injecting env (5) from .env -- tip: 丘뙖잺  override existing env vars with { override: true }
Server running on port 4200
Connected to MySQL
[dotenv@17.2.1] injecting env (5) from .env -- tip: 丘뙖잺  specify custom .env file path with { path: '/custom/path/.env' }
Server running on port 4200
Connected to MySQL
[dotenv@17.2.1] injecting env (5) from .env -- tip: 游니 observe env with Radar: https://dotenvx.com/radar
Server running on port 4200
Connected to MySQL
[dotenv@17.2.1] injecting env (5) from .env -- tip: 游니 auto-backup env with Radar: https://dotenvx.com/radar
Server running on port 4200
[dotenv@17.2.1] injecting env (5) from .env -- tip: 丘뙖잺  suppress all logs with { quiet: true }
Server running on port 4200
[dotenv@17.2.1] injecting env (5) from .env -- tip: 游니 auto-backup env with Radar: https://dotenvx.com/radar
Server running on port 4200
Connected to MySQL
[dotenv@17.2.1] injecting env (5) from .env -- tip: 游니 auto-backup env with Radar: https://dotenvx.com/radar
Server running on port 4200
[dotenv@17.2.1] injecting env (5) from .env -- tip: 丘뙖잺  load multiple .env files with { path: ['.env.local', '.env'] }
Server running on port 4200
[dotenv@17.2.1] injecting env (5) from .env -- tip: 丘뙖잺  specify custom .env file path with { path: '/custom/path/.env' }
Server running on port 4200
Connected to MySQL
[dotenv@17.2.1] injecting env (5) from .env -- tip: 丘뙖잺  write to custom object with { processEnv: myObject }
Server running on port 4200
Connected to MySQL
[dotenv@17.2.1] injecting env (5) from .env -- tip: 游댏 encrypt with Dotenvx: https://dotenvx.com
Server running on port 4200
Connected to MySQL
[dotenv@17.2.1] injecting env (5) from .env -- tip: 丘뙖잺  specify custom .env file path with { path: '/custom/path/.env' }
Server running on port 4200
Connected to MySQL
[dotenv@17.2.1] injecting env (5) from .env -- tip: 游니 observe env with Radar: https://dotenvx.com/radar
Server running on port 4200
Connected to MySQL
[dotenv@17.2.1] injecting env (5) from .env -- tip: 游댏 prevent committing .env to code: https://dotenvx.com/precommit
Server running on port 4200
Connected to MySQL
[dotenv@17.2.1] injecting env (5) from .env -- tip: 游댏 prevent committing .env to code: https://dotenvx.com/precommit
Server running on port 4200
Connected to MySQL
